{"/Users/inabamasatake/Desktop/FrontHacks/32ReduxThunk/practice/auth_app/src/components/common/Button/Button.css": {"path":"/Users/inabamasatake/Desktop/FrontHacks/32ReduxThunk/practice/auth_app/src/components/common/Button/Button.css","statementMap":{},"fnMap":{},"branchMap":{},"s":{},"f":{},"b":{},"meta":{"lastBranch":0,"lastFunction":0,"lastStatement":0,"seen":{}}}
,"/Users/inabamasatake/Desktop/FrontHacks/32ReduxThunk/practice/auth_app/src/components/common/Button/Button.jsx": {"path":"/Users/inabamasatake/Desktop/FrontHacks/32ReduxThunk/practice/auth_app/src/components/common/Button/Button.jsx","statementMap":{"0":{"start":{"line":6,"column":15},"end":{"line":21,"column":null}},"1":{"start":{"line":6,"column":15},"end":{"line":6,"column":16}},"2":{"start":{"line":6,"column":16},"end":{"line":6,"column":null}},"3":{"start":{"line":9,"column":2},"end":{"line":9,"column":null}},"4":{"start":{"line":10,"column":2},"end":{"line":10,"column":null}},"5":{"start":{"line":12,"column":22},"end":{"line":12,"column":null}},"6":{"start":{"line":18,"column":16},"end":{"line":18,"column":26}},"7":{"start":{"line":18,"column":26},"end":{"line":21,"column":null}},"8":{"start":{"line":15,"column":4},"end":{"line":21,"column":13}},"9":{"start":{"line":21,"column":13},"end":{"line":21,"column":null}},"10":{"start":{"line":21,"column":13},"end":{"line":15,"column":null}}},"fnMap":{"0":{"name":"(anonymous_0)","decl":{"start":{"line":6,"column":15},"end":{"line":6,"column":16}},"loc":{"start":{"line":6,"column":15},"end":{"line":21,"column":null}},"line":6}},"branchMap":{"0":{"loc":{"start":{"line":9,"column":2},"end":{"line":9,"column":null}},"type":"cond-expr","locations":[{"start":{"line":9,"column":2},"end":{"line":9,"column":null}},{"start":{"line":9,"column":2},"end":{"line":9,"column":null}}],"line":9},"1":{"loc":{"start":{"line":10,"column":2},"end":{"line":10,"column":null}},"type":"cond-expr","locations":[{"start":{"line":10,"column":2},"end":{"line":10,"column":null}},{"start":{"line":10,"column":2},"end":{"line":10,"column":null}}],"line":10},"2":{"loc":{"start":{"line":18,"column":26},"end":{"line":21,"column":null}},"type":"if","locations":[{"start":{"line":18,"column":26},"end":{"line":21,"column":null}},{"start":{"line":21,"column":13},"end":{"line":21,"column":null}}],"line":18},"3":{"loc":{"start":{"line":18,"column":26},"end":{"line":18,"column":null}},"type":"binary-expr","locations":[{"start":{"line":18,"column":26},"end":{"line":18,"column":null}},{"start":{"line":18,"column":26},"end":{"line":18,"column":null}},{"start":{"line":18,"column":26},"end":{"line":18,"column":null}},{"start":{"line":18,"column":26},"end":{"line":18,"column":null}}],"line":18}},"s":{"0":2,"1":8,"2":8,"3":8,"4":8,"5":8,"6":8,"7":8,"8":8,"9":0,"10":8},"f":{"0":8},"b":{"0":[7,1],"1":[7,1],"2":[8,0],"3":[8,0,0,0]},"meta":{"lastBranch":4,"lastFunction":1,"lastStatement":11,"seen":{"s:6:15:21:Infinity":0,"f:6:15:6:16":0,"s:6:15:6:16":1,"s:6:16:6:Infinity":2,"s:9:2:9:Infinity":3,"b:9:2:9:Infinity:9:2:9:Infinity":0,"s:10:2:10:Infinity":4,"b:10:2:10:Infinity:10:2:10:Infinity":1,"s:12:22:12:Infinity":5,"s:18:16:18:26":6,"b:18:26:21:Infinity:21:13:21:Infinity":2,"s:18:26:21:Infinity":7,"b:18:26:18:Infinity:18:26:18:Infinity:18:26:18:Infinity:18:26:18:Infinity":3,"s:15:4:21:13":8,"s:21:13:21:Infinity":9,"s:21:13:15:Infinity":10}}}
,"/Users/inabamasatake/Desktop/FrontHacks/32ReduxThunk/practice/auth_app/src/components/pages/MainPage/MainPage.css": {"path":"/Users/inabamasatake/Desktop/FrontHacks/32ReduxThunk/practice/auth_app/src/components/pages/MainPage/MainPage.css","statementMap":{},"fnMap":{},"branchMap":{},"s":{},"f":{},"b":{},"meta":{"lastBranch":0,"lastFunction":0,"lastStatement":0,"seen":{}}}
,"/Users/inabamasatake/Desktop/FrontHacks/32ReduxThunk/practice/auth_app/src/components/pages/MainPage/MainPage.jsx": {"path":"/Users/inabamasatake/Desktop/FrontHacks/32ReduxThunk/practice/auth_app/src/components/pages/MainPage/MainPage.jsx","statementMap":{"0":{"start":{"line":13,"column":17},"end":{"line":32,"column":null}},"1":{"start":{"line":13,"column":17},"end":{"line":13,"column":null}},"2":{"start":{"line":14,"column":2},"end":{"line":14,"column":null}},"3":{"start":{"line":15,"column":2},"end":{"line":15,"column":33}},"4":{"start":{"line":15,"column":33},"end":{"line":25,"column":4}},"5":{"start":{"line":17,"column":24},"end":{"line":24,"column":null}},"6":{"start":{"line":18,"column":4},"end":{"line":23,"column":null}},"7":{"start":{"line":19,"column":6},"end":{"line":19,"column":null}},"8":{"start":{"line":21,"column":6},"end":{"line":21,"column":19}},"9":{"start":{"line":22,"column":13},"end":{"line":22,"column":null}},"10":{"start":{"line":23,"column":6},"end":{"line":23,"column":26}},"11":{"start":{"line":25,"column":3},"end":{"line":25,"column":4}},"12":{"start":{"line":17,"column":24},"end":{"line":17,"column":null}},"13":{"start":{"line":25,"column":4},"end":{"line":28,"column":null}},"14":{"start":{"line":28,"column":6},"end":{"line":28,"column":19}},"15":{"start":{"line":28,"column":19},"end":{"line":28,"column":null}},"16":{"start":{"line":28,"column":19},"end":{"line":32,"column":null}},"17":{"start":{"line":27,"column":4},"end":{"line":32,"column":10}},"18":{"start":{"line":32,"column":10},"end":{"line":32,"column":null}},"19":{"start":{"line":32,"column":10},"end":{"line":27,"column":19}}},"fnMap":{"0":{"name":"(anonymous_0)","decl":{"start":{"line":13,"column":17},"end":{"line":13,"column":null}},"loc":{"start":{"line":13,"column":17},"end":{"line":32,"column":null}},"line":13},"1":{"name":"(anonymous_1)","decl":{"start":{"line":17,"column":24},"end":{"line":17,"column":null}},"loc":{"start":{"line":17,"column":24},"end":{"line":24,"column":null}},"line":17}},"branchMap":{"0":{"loc":{"start":{"line":15,"column":33},"end":{"line":25,"column":4}},"type":"if","locations":[{"start":{"line":15,"column":33},"end":{"line":25,"column":4}},{"start":{"line":25,"column":3},"end":{"line":25,"column":4}}],"line":15},"1":{"loc":{"start":{"line":15,"column":33},"end":{"line":15,"column":null}},"type":"binary-expr","locations":[{"start":{"line":15,"column":33},"end":{"line":15,"column":null}},{"start":{"line":15,"column":33},"end":{"line":15,"column":null}}],"line":15},"2":{"loc":{"start":{"line":25,"column":4},"end":{"line":28,"column":null}},"type":"if","locations":[{"start":{"line":25,"column":4},"end":{"line":28,"column":null}},{"start":{"line":28,"column":19},"end":{"line":28,"column":null}}],"line":25},"3":{"loc":{"start":{"line":28,"column":19},"end":{"line":32,"column":null}},"type":"if","locations":[{"start":{"line":28,"column":19},"end":{"line":32,"column":null}},{"start":{"line":32,"column":10},"end":{"line":32,"column":null}}],"line":28}},"s":{"0":1,"1":3,"2":3,"3":3,"4":3,"5":3,"6":2,"7":2,"8":1,"9":1,"10":1,"11":0,"12":3,"13":3,"14":3,"15":0,"16":3,"17":3,"18":0,"19":3},"f":{"0":3,"1":2},"b":{"0":[3,0],"1":[3,0],"2":[3,0],"3":[3,0]},"meta":{"lastBranch":4,"lastFunction":2,"lastStatement":20,"seen":{"s:13:17:32:Infinity":0,"f:13:17:13:Infinity":0,"s:13:17:13:Infinity":1,"s:14:2:14:Infinity":2,"s:15:2:15:33":3,"b:15:33:25:4:25:3:25:4":0,"s:15:33:25:4":4,"b:15:33:15:Infinity:15:33:15:Infinity":1,"s:17:24:24:Infinity":5,"f:17:24:17:Infinity":1,"s:18:4:23:Infinity":6,"s:19:6:19:Infinity":7,"s:21:6:21:19":8,"s:22:13:22:Infinity":9,"s:23:6:23:26":10,"s:25:3:25:4":11,"s:17:24:17:Infinity":12,"b:25:4:28:Infinity:28:19:28:Infinity":2,"s:25:4:28:Infinity":13,"s:28:6:28:19":14,"s:28:19:28:Infinity":15,"b:28:19:32:Infinity:32:10:32:Infinity":3,"s:28:19:32:Infinity":16,"s:27:4:32:10":17,"s:32:10:32:Infinity":18,"s:32:10:27:19":19}}}
,"/Users/inabamasatake/Desktop/FrontHacks/32ReduxThunk/practice/auth_app/src/components/routing/PrivateRoute/PrivateRoute.jsx": {"path":"/Users/inabamasatake/Desktop/FrontHacks/32ReduxThunk/practice/auth_app/src/components/routing/PrivateRoute/PrivateRoute.jsx","statementMap":{"0":{"start":{"line":10,"column":21},"end":{"line":26,"column":null}},"1":{"start":{"line":10,"column":21},"end":{"line":10,"column":22}},"2":{"start":{"line":10,"column":22},"end":{"line":10,"column":null}},"3":{"start":{"line":11,"column":2},"end":{"line":11,"column":null}},"4":{"start":{"line":12,"column":2},"end":{"line":12,"column":null}},"5":{"start":{"line":14,"column":2},"end":{"line":15,"column":null}},"6":{"start":{"line":14,"column":18},"end":{"line":15,"column":null}},"7":{"start":{"line":15,"column":11},"end":{"line":15,"column":26}},"8":{"start":{"line":15,"column":26},"end":{"line":15,"column":null}},"9":{"start":{"line":15,"column":26},"end":{"line":15,"column":14}},"10":{"start":{"line":18,"column":2},"end":{"line":19,"column":null}},"11":{"start":{"line":18,"column":11},"end":{"line":19,"column":null}},"12":{"start":{"line":19,"column":11},"end":{"line":19,"column":38}},"13":{"start":{"line":19,"column":38},"end":{"line":19,"column":null}},"14":{"start":{"line":19,"column":38},"end":{"line":19,"column":12}},"15":{"start":{"line":22,"column":2},"end":{"line":23,"column":null}},"16":{"start":{"line":22,"column":25},"end":{"line":23,"column":null}},"17":{"start":{"line":23,"column":11},"end":{"line":23,"column":38}},"18":{"start":{"line":23,"column":38},"end":{"line":23,"column":null}},"19":{"start":{"line":23,"column":38},"end":{"line":23,"column":12}},"20":{"start":{"line":24,"column":3},"end":{"line":26,"column":17}}},"fnMap":{"0":{"name":"(anonymous_0)","decl":{"start":{"line":10,"column":21},"end":{"line":10,"column":22}},"loc":{"start":{"line":10,"column":21},"end":{"line":26,"column":null}},"line":10}},"branchMap":{"0":{"loc":{"start":{"line":14,"column":2},"end":{"line":15,"column":null}},"type":"if","locations":[{"start":{"line":14,"column":2},"end":{"line":15,"column":null}},{"start":{},"end":{}}],"line":14},"1":{"loc":{"start":{"line":14,"column":18},"end":{"line":15,"column":null}},"type":"if","locations":[{"start":{"line":14,"column":18},"end":{"line":15,"column":null}},{"start":{"line":15,"column":26},"end":{"line":15,"column":null}}],"line":14},"2":{"loc":{"start":{"line":18,"column":2},"end":{"line":19,"column":null}},"type":"if","locations":[{"start":{"line":18,"column":2},"end":{"line":19,"column":null}},{"start":{},"end":{}}],"line":18},"3":{"loc":{"start":{"line":18,"column":11},"end":{"line":19,"column":null}},"type":"if","locations":[{"start":{"line":18,"column":11},"end":{"line":19,"column":null}},{"start":{"line":19,"column":38},"end":{"line":19,"column":null}}],"line":18},"4":{"loc":{"start":{"line":22,"column":2},"end":{"line":23,"column":null}},"type":"if","locations":[{"start":{"line":22,"column":2},"end":{"line":23,"column":null}},{"start":{},"end":{}}],"line":22},"5":{"loc":{"start":{"line":22,"column":25},"end":{"line":23,"column":null}},"type":"if","locations":[{"start":{"line":22,"column":25},"end":{"line":23,"column":null}},{"start":{"line":23,"column":38},"end":{"line":23,"column":null}}],"line":22}},"s":{"0":1,"1":4,"2":4,"3":4,"4":4,"5":4,"6":1,"7":1,"8":0,"9":1,"10":3,"11":1,"12":1,"13":0,"14":1,"15":2,"16":1,"17":1,"18":0,"19":1,"20":1},"f":{"0":4},"b":{"0":[1,3],"1":[1,0],"2":[1,2],"3":[1,0],"4":[1,1],"5":[1,0]},"meta":{"lastBranch":6,"lastFunction":1,"lastStatement":21,"seen":{"s:10:21:26:Infinity":0,"f:10:21:10:22":0,"s:10:21:10:22":1,"s:10:22:10:Infinity":2,"s:11:2:11:Infinity":3,"s:12:2:12:Infinity":4,"b:14:2:15:Infinity:undefined:undefined:undefined:undefined":0,"s:14:2:15:Infinity":5,"b:14:18:15:Infinity:15:26:15:Infinity":1,"s:14:18:15:Infinity":6,"s:15:11:15:26":7,"s:15:26:15:Infinity":8,"s:15:26:15:14":9,"b:18:2:19:Infinity:undefined:undefined:undefined:undefined":2,"s:18:2:19:Infinity":10,"b:18:11:19:Infinity:19:38:19:Infinity":3,"s:18:11:19:Infinity":11,"s:19:11:19:38":12,"s:19:38:19:Infinity":13,"s:19:38:19:12":14,"b:22:2:23:Infinity:undefined:undefined:undefined:undefined":4,"s:22:2:23:Infinity":15,"b:22:25:23:Infinity:23:38:23:Infinity":5,"s:22:25:23:Infinity":16,"s:23:11:23:38":17,"s:23:38:23:Infinity":18,"s:23:38:23:12":19,"s:24:3:26:17":20}}}
,"/Users/inabamasatake/Desktop/FrontHacks/32ReduxThunk/practice/auth_app/src/components/widgets/AuthForm/AuthFormSection.jsx": {"path":"/Users/inabamasatake/Desktop/FrontHacks/32ReduxThunk/practice/auth_app/src/components/widgets/AuthForm/AuthFormSection.jsx","statementMap":{"0":{"start":{"line":5,"column":24},"end":{"line":41,"column":null}},"1":{"start":{"line":5,"column":24},"end":{"line":5,"column":25}},"2":{"start":{"line":5,"column":25},"end":{"line":5,"column":null}},"3":{"start":{"line":6,"column":2},"end":{"line":6,"column":null}},"4":{"start":{"line":7,"column":2},"end":{"line":7,"column":null}},"5":{"start":{"line":8,"column":2},"end":{"line":8,"column":28}},"6":{"start":{"line":8,"column":28},"end":{"line":19,"column":null}},"7":{"start":{"line":19,"column":6},"end":{"line":19,"column":22}},"8":{"start":{"line":19,"column":22},"end":{"line":19,"column":null}},"9":{"start":{"line":19,"column":22},"end":{"line":21,"column":null}},"10":{"start":{"line":21,"column":8},"end":{"line":21,"column":48}},"11":{"start":{"line":21,"column":48},"end":{"line":21,"column":null}},"12":{"start":{"line":21,"column":48},"end":{"line":26,"column":null}},"13":{"start":{"line":26,"column":20},"end":{"line":26,"column":51}},"14":{"start":{"line":26,"column":27},"end":{"line":26,"column":51}},"15":{"start":{"line":26,"column":51},"end":{"line":26,"column":null}},"16":{"start":{"line":26,"column":51},"end":{"line":27,"column":null}},"17":{"start":{"line":22,"column":8},"end":{"line":26,"column":null}},"18":{"start":{"line":27,"column":10},"end":{"line":27,"column":null}},"19":{"start":{"line":27,"column":10},"end":{"line":29,"column":null}},"20":{"start":{"line":29,"column":8},"end":{"line":29,"column":49}},"21":{"start":{"line":29,"column":49},"end":{"line":29,"column":null}},"22":{"start":{"line":29,"column":49},"end":{"line":34,"column":null}},"23":{"start":{"line":34,"column":20},"end":{"line":34,"column":54}},"24":{"start":{"line":34,"column":27},"end":{"line":34,"column":54}},"25":{"start":{"line":34,"column":54},"end":{"line":34,"column":null}},"26":{"start":{"line":34,"column":54},"end":{"line":35,"column":null}},"27":{"start":{"line":30,"column":8},"end":{"line":34,"column":null}},"28":{"start":{"line":35,"column":10},"end":{"line":35,"column":null}},"29":{"start":{"line":35,"column":10},"end":{"line":39,"column":null}},"30":{"start":{"line":37,"column":8},"end":{"line":39,"column":17}},"31":{"start":{"line":39,"column":17},"end":{"line":39,"column":null}},"32":{"start":{"line":39,"column":17},"end":{"line":40,"column":null}},"33":{"start":{"line":20,"column":6},"end":{"line":40,"column":13}},"34":{"start":{"line":40,"column":13},"end":{"line":40,"column":null}},"35":{"start":{"line":40,"column":13},"end":{"line":41,"column":null}},"36":{"start":{"line":18,"column":4},"end":{"line":41,"column":10}},"37":{"start":{"line":41,"column":10},"end":{"line":41,"column":null}},"38":{"start":{"line":41,"column":10},"end":{"line":18,"column":null}}},"fnMap":{"0":{"name":"(anonymous_0)","decl":{"start":{"line":5,"column":24},"end":{"line":5,"column":25}},"loc":{"start":{"line":5,"column":24},"end":{"line":41,"column":null}},"line":5},"1":{"name":"(anonymous_1)","decl":{"start":{"line":26,"column":20},"end":{"line":26,"column":27}},"loc":{"start":{"line":26,"column":27},"end":{"line":26,"column":51}},"line":26},"2":{"name":"(anonymous_2)","decl":{"start":{"line":34,"column":20},"end":{"line":34,"column":27}},"loc":{"start":{"line":34,"column":27},"end":{"line":34,"column":54}},"line":34}},"branchMap":{"0":{"loc":{"start":{"line":6,"column":2},"end":{"line":6,"column":null}},"type":"cond-expr","locations":[{"start":{"line":6,"column":2},"end":{"line":6,"column":null}},{"start":{"line":6,"column":2},"end":{"line":6,"column":null}}],"line":6},"1":{"loc":{"start":{"line":7,"column":2},"end":{"line":7,"column":null}},"type":"cond-expr","locations":[{"start":{"line":7,"column":2},"end":{"line":7,"column":null}},{"start":{"line":7,"column":2},"end":{"line":7,"column":null}}],"line":7},"2":{"loc":{"start":{"line":8,"column":2},"end":{"line":8,"column":28}},"type":"cond-expr","locations":[{"start":{"line":8,"column":2},"end":{"line":8,"column":28}},{"start":{"line":8,"column":2},"end":{"line":8,"column":28}}],"line":8},"3":{"loc":{"start":{"line":8,"column":28},"end":{"line":19,"column":null}},"type":"if","locations":[{"start":{"line":8,"column":28},"end":{"line":19,"column":null}},{"start":{"line":19,"column":22},"end":{"line":19,"column":null}}],"line":8},"4":{"loc":{"start":{"line":19,"column":22},"end":{"line":21,"column":null}},"type":"if","locations":[{"start":{"line":19,"column":22},"end":{"line":21,"column":null}},{"start":{"line":21,"column":48},"end":{"line":21,"column":null}}],"line":19},"5":{"loc":{"start":{"line":21,"column":48},"end":{"line":26,"column":null}},"type":"if","locations":[{"start":{"line":21,"column":48},"end":{"line":26,"column":null}},{"start":{"line":26,"column":51},"end":{"line":26,"column":null}}],"line":21},"6":{"loc":{"start":{"line":26,"column":51},"end":{"line":27,"column":null}},"type":"if","locations":[{"start":{"line":26,"column":51},"end":{"line":27,"column":null}},{"start":{"line":27,"column":10},"end":{"line":27,"column":null}}],"line":26},"7":{"loc":{"start":{"line":26,"column":51},"end":{"line":26,"column":null}},"type":"binary-expr","locations":[{"start":{"line":26,"column":51},"end":{"line":26,"column":null}},{"start":{"line":26,"column":51},"end":{"line":26,"column":null}},{"start":{"line":26,"column":51},"end":{"line":26,"column":null}}],"line":26},"8":{"loc":{"start":{"line":27,"column":10},"end":{"line":29,"column":null}},"type":"if","locations":[{"start":{"line":27,"column":10},"end":{"line":29,"column":null}},{"start":{"line":29,"column":49},"end":{"line":29,"column":null}}],"line":27},"9":{"loc":{"start":{"line":29,"column":49},"end":{"line":34,"column":null}},"type":"if","locations":[{"start":{"line":29,"column":49},"end":{"line":34,"column":null}},{"start":{"line":34,"column":54},"end":{"line":34,"column":null}}],"line":29},"10":{"loc":{"start":{"line":34,"column":54},"end":{"line":35,"column":null}},"type":"if","locations":[{"start":{"line":34,"column":54},"end":{"line":35,"column":null}},{"start":{"line":35,"column":10},"end":{"line":35,"column":null}}],"line":34},"11":{"loc":{"start":{"line":34,"column":54},"end":{"line":34,"column":null}},"type":"binary-expr","locations":[{"start":{"line":34,"column":54},"end":{"line":34,"column":null}},{"start":{"line":34,"column":54},"end":{"line":34,"column":null}},{"start":{"line":34,"column":54},"end":{"line":34,"column":null}}],"line":34},"12":{"loc":{"start":{"line":35,"column":10},"end":{"line":39,"column":null}},"type":"if","locations":[{"start":{"line":35,"column":10},"end":{"line":39,"column":null}},{"start":{"line":39,"column":17},"end":{"line":39,"column":null}}],"line":35},"13":{"loc":{"start":{"line":35,"column":10},"end":{"line":35,"column":null}},"type":"binary-expr","locations":[{"start":{"line":35,"column":10},"end":{"line":35,"column":null}},{"start":{"line":35,"column":10},"end":{"line":35,"column":null}}],"line":35},"14":{"loc":{"start":{"line":39,"column":17},"end":{"line":40,"column":null}},"type":"if","locations":[{"start":{"line":39,"column":17},"end":{"line":40,"column":null}},{"start":{"line":40,"column":13},"end":{"line":40,"column":null}}],"line":39},"15":{"loc":{"start":{"line":39,"column":17},"end":{"line":39,"column":null}},"type":"binary-expr","locations":[{"start":{"line":39,"column":17},"end":{"line":39,"column":null}},{"start":{"line":39,"column":17},"end":{"line":39,"column":null}},{"start":{"line":39,"column":17},"end":{"line":39,"column":null}},{"start":{"line":39,"column":17},"end":{"line":39,"column":null}},{"start":{"line":39,"column":17},"end":{"line":39,"column":null}},{"start":{"line":39,"column":17},"end":{"line":39,"column":null}}],"line":39},"16":{"loc":{"start":{"line":40,"column":13},"end":{"line":41,"column":null}},"type":"if","locations":[{"start":{"line":40,"column":13},"end":{"line":41,"column":null}},{"start":{"line":41,"column":10},"end":{"line":41,"column":null}}],"line":40},"17":{"loc":{"start":{"line":40,"column":13},"end":{"line":40,"column":null}},"type":"binary-expr","locations":[{"start":{"line":40,"column":13},"end":{"line":40,"column":null}},{"start":{"line":40,"column":13},"end":{"line":40,"column":null}}],"line":40}},"s":{"0":1,"1":4,"2":4,"3":4,"4":4,"5":4,"6":4,"7":4,"8":0,"9":4,"10":4,"11":0,"12":4,"13":4,"14":11,"15":0,"16":4,"17":4,"18":0,"19":4,"20":4,"21":0,"22":4,"23":4,"24":6,"25":0,"26":4,"27":4,"28":0,"29":4,"30":4,"31":0,"32":4,"33":4,"34":0,"35":4,"36":4,"37":0,"38":4},"f":{"0":4,"1":11,"2":6},"b":{"0":[0,4],"1":[0,4],"2":[0,4],"3":[4,0],"4":[4,0],"5":[4,0],"6":[4,0],"7":[4,0,0],"8":[4,0],"9":[4,0],"10":[4,0],"11":[4,0,0],"12":[4,0],"13":[4,0],"14":[4,0],"15":[4,0,0,0,0,0],"16":[4,0],"17":[4,0]},"meta":{"lastBranch":18,"lastFunction":3,"lastStatement":39,"seen":{"s:5:24:41:Infinity":0,"f:5:24:5:25":0,"s:5:24:5:25":1,"s:5:25:5:Infinity":2,"s:6:2:6:Infinity":3,"b:6:2:6:Infinity:6:2:6:Infinity":0,"s:7:2:7:Infinity":4,"b:7:2:7:Infinity:7:2:7:Infinity":1,"s:8:2:8:28":5,"b:8:2:8:28:8:2:8:28":2,"b:8:28:19:Infinity:19:22:19:Infinity":3,"s:8:28:19:Infinity":6,"s:19:6:19:22":7,"s:19:22:19:Infinity":8,"b:19:22:21:Infinity:21:48:21:Infinity":4,"s:19:22:21:Infinity":9,"s:21:8:21:48":10,"s:21:48:21:Infinity":11,"b:21:48:26:Infinity:26:51:26:Infinity":5,"s:21:48:26:Infinity":12,"s:26:20:26:51":13,"f:26:20:26:27":1,"s:26:27:26:51":14,"s:26:51:26:Infinity":15,"b:26:51:27:Infinity:27:10:27:Infinity":6,"s:26:51:27:Infinity":16,"b:26:51:26:Infinity:26:51:26:Infinity:26:51:26:Infinity":7,"s:22:8:26:Infinity":17,"s:27:10:27:Infinity":18,"b:27:10:29:Infinity:29:49:29:Infinity":8,"s:27:10:29:Infinity":19,"s:29:8:29:49":20,"s:29:49:29:Infinity":21,"b:29:49:34:Infinity:34:54:34:Infinity":9,"s:29:49:34:Infinity":22,"s:34:20:34:54":23,"f:34:20:34:27":2,"s:34:27:34:54":24,"s:34:54:34:Infinity":25,"b:34:54:35:Infinity:35:10:35:Infinity":10,"s:34:54:35:Infinity":26,"b:34:54:34:Infinity:34:54:34:Infinity:34:54:34:Infinity":11,"s:30:8:34:Infinity":27,"s:35:10:35:Infinity":28,"b:35:10:39:Infinity:39:17:39:Infinity":12,"s:35:10:39:Infinity":29,"b:35:10:35:Infinity:35:10:35:Infinity":13,"s:37:8:39:17":30,"s:39:17:39:Infinity":31,"b:39:17:40:Infinity:40:13:40:Infinity":14,"s:39:17:40:Infinity":32,"b:39:17:39:Infinity:39:17:39:Infinity:39:17:39:Infinity:39:17:39:Infinity:39:17:39:Infinity:39:17:39:Infinity":15,"s:20:6:40:13":33,"s:40:13:40:Infinity":34,"b:40:13:41:Infinity:41:10:41:Infinity":16,"s:40:13:41:Infinity":35,"b:40:13:40:Infinity:40:13:40:Infinity":17,"s:18:4:41:10":36,"s:41:10:41:Infinity":37,"s:41:10:18:Infinity":38}}}
,"/Users/inabamasatake/Desktop/FrontHacks/32ReduxThunk/practice/auth_app/src/components/widgets/AuthForm/AuthFormView.jsx": {"path":"/Users/inabamasatake/Desktop/FrontHacks/32ReduxThunk/practice/auth_app/src/components/widgets/AuthForm/AuthFormView.jsx","statementMap":{"0":{"start":{"line":8,"column":21},"end":{"line":34,"column":null}},"1":{"start":{"line":8,"column":21},"end":{"line":8,"column":22}},"2":{"start":{"line":8,"column":22},"end":{"line":8,"column":61}},"3":{"start":{"line":8,"column":61},"end":{"line":10,"column":40}},"4":{"start":{"line":10,"column":13},"end":{"line":10,"column":28}},"5":{"start":{"line":10,"column":28},"end":{"line":10,"column":40}},"6":{"start":{"line":10,"column":28},"end":{"line":13,"column":49}},"7":{"start":{"line":13,"column":20},"end":{"line":13,"column":37}},"8":{"start":{"line":13,"column":37},"end":{"line":13,"column":49}},"9":{"start":{"line":13,"column":37},"end":{"line":21,"column":null}},"10":{"start":{"line":13,"column":8},"end":{"line":21,"column":15}},"11":{"start":{"line":21,"column":15},"end":{"line":21,"column":null}},"12":{"start":{"line":21,"column":15},"end":{"line":24,"column":49}},"13":{"start":{"line":24,"column":20},"end":{"line":24,"column":37}},"14":{"start":{"line":24,"column":37},"end":{"line":24,"column":49}},"15":{"start":{"line":24,"column":37},"end":{"line":32,"column":null}},"16":{"start":{"line":24,"column":8},"end":{"line":32,"column":15}},"17":{"start":{"line":32,"column":15},"end":{"line":32,"column":null}},"18":{"start":{"line":32,"column":15},"end":{"line":34,"column":null}},"19":{"start":{"line":10,"column":4},"end":{"line":34,"column":10}},"20":{"start":{"line":34,"column":10},"end":{"line":34,"column":null}},"21":{"start":{"line":34,"column":10},"end":{"line":10,"column":5}}},"fnMap":{"0":{"name":"(anonymous_0)","decl":{"start":{"line":8,"column":21},"end":{"line":8,"column":22}},"loc":{"start":{"line":8,"column":21},"end":{"line":34,"column":null}},"line":8}},"branchMap":{"0":{"loc":{"start":{"line":8,"column":61},"end":{"line":10,"column":40}},"type":"if","locations":[{"start":{"line":8,"column":61},"end":{"line":10,"column":40}},{"start":{"line":10,"column":28},"end":{"line":10,"column":40}}],"line":8},"1":{"loc":{"start":{"line":10,"column":28},"end":{"line":13,"column":49}},"type":"if","locations":[{"start":{"line":10,"column":28},"end":{"line":13,"column":49}},{"start":{"line":13,"column":37},"end":{"line":13,"column":49}}],"line":10},"2":{"loc":{"start":{"line":13,"column":37},"end":{"line":21,"column":null}},"type":"if","locations":[{"start":{"line":13,"column":37},"end":{"line":21,"column":null}},{"start":{"line":21,"column":15},"end":{"line":21,"column":null}}],"line":13},"3":{"loc":{"start":{"line":13,"column":37},"end":{"line":13,"column":49}},"type":"binary-expr","locations":[{"start":{"line":13,"column":37},"end":{"line":13,"column":49}},{"start":{"line":13,"column":37},"end":{"line":13,"column":49}}],"line":13},"4":{"loc":{"start":{"line":21,"column":15},"end":{"line":24,"column":49}},"type":"if","locations":[{"start":{"line":21,"column":15},"end":{"line":24,"column":49}},{"start":{"line":24,"column":37},"end":{"line":24,"column":49}}],"line":21},"5":{"loc":{"start":{"line":24,"column":37},"end":{"line":32,"column":null}},"type":"if","locations":[{"start":{"line":24,"column":37},"end":{"line":32,"column":null}},{"start":{"line":32,"column":15},"end":{"line":32,"column":null}}],"line":24},"6":{"loc":{"start":{"line":24,"column":37},"end":{"line":24,"column":49}},"type":"binary-expr","locations":[{"start":{"line":24,"column":37},"end":{"line":24,"column":49}},{"start":{"line":24,"column":37},"end":{"line":24,"column":49}}],"line":24},"7":{"loc":{"start":{"line":32,"column":15},"end":{"line":34,"column":null}},"type":"if","locations":[{"start":{"line":32,"column":15},"end":{"line":34,"column":null}},{"start":{"line":34,"column":10},"end":{"line":34,"column":null}}],"line":32},"8":{"loc":{"start":{"line":32,"column":15},"end":{"line":32,"column":null}},"type":"binary-expr","locations":[{"start":{"line":32,"column":15},"end":{"line":32,"column":null}},{"start":{"line":32,"column":15},"end":{"line":32,"column":null}}],"line":32}},"s":{"0":1,"1":2,"2":2,"3":2,"4":2,"5":0,"6":2,"7":2,"8":0,"9":2,"10":2,"11":0,"12":2,"13":2,"14":0,"15":2,"16":2,"17":0,"18":2,"19":2,"20":0,"21":2},"f":{"0":2},"b":{"0":[2,0],"1":[2,0],"2":[2,0],"3":[2,0],"4":[2,0],"5":[2,0],"6":[2,0],"7":[2,0],"8":[2,0]},"meta":{"lastBranch":9,"lastFunction":1,"lastStatement":22,"seen":{"s:8:21:34:Infinity":0,"f:8:21:8:22":0,"s:8:21:8:22":1,"s:8:22:8:61":2,"b:8:61:10:40:10:28:10:40":0,"s:8:61:10:40":3,"s:10:13:10:28":4,"s:10:28:10:40":5,"b:10:28:13:49:13:37:13:49":1,"s:10:28:13:49":6,"s:13:20:13:37":7,"s:13:37:13:49":8,"b:13:37:21:Infinity:21:15:21:Infinity":2,"s:13:37:21:Infinity":9,"b:13:37:13:49:13:37:13:49":3,"s:13:8:21:15":10,"s:21:15:21:Infinity":11,"b:21:15:24:49:24:37:24:49":4,"s:21:15:24:49":12,"s:24:20:24:37":13,"s:24:37:24:49":14,"b:24:37:32:Infinity:32:15:32:Infinity":5,"s:24:37:32:Infinity":15,"b:24:37:24:49:24:37:24:49":6,"s:24:8:32:15":16,"s:32:15:32:Infinity":17,"b:32:15:34:Infinity:34:10:34:Infinity":7,"s:32:15:34:Infinity":18,"b:32:15:32:Infinity:32:15:32:Infinity":8,"s:10:4:34:10":19,"s:34:10:34:Infinity":20,"s:34:10:10:5":21}}}
,"/Users/inabamasatake/Desktop/FrontHacks/32ReduxThunk/practice/auth_app/src/components/widgets/AuthForm/useAuthForm.js": {"path":"/Users/inabamasatake/Desktop/FrontHacks/32ReduxThunk/practice/auth_app/src/components/widgets/AuthForm/useAuthForm.js","statementMap":{"0":{"start":{"line":14,"column":27},"end":{"line":82,"column":null}},"1":{"start":{"line":14,"column":27},"end":{"line":14,"column":null}},"2":{"start":{"line":15,"column":2},"end":{"line":15,"column":32}},"3":{"start":{"line":16,"column":2},"end":{"line":16,"column":32}},"4":{"start":{"line":18,"column":2},"end":{"line":18,"column":48}},"5":{"start":{"line":20,"column":2},"end":{"line":20,"column":52}},"6":{"start":{"line":21,"column":2},"end":{"line":21,"column":58}},"7":{"start":{"line":22,"column":2},"end":{"line":22,"column":52}},"8":{"start":{"line":23,"column":2},"end":{"line":23,"column":58}},"9":{"start":{"line":23,"column":59},"end":{"line":41,"column":4}},"10":{"start":{"line":25,"column":23},"end":{"line":41,"column":4}},"11":{"start":{"line":26,"column":4},"end":{"line":26,"column":null}},"12":{"start":{"line":27,"column":4},"end":{"line":27,"column":26}},"13":{"start":{"line":27,"column":17},"end":{"line":27,"column":26}},"14":{"start":{"line":28,"column":4},"end":{"line":39,"column":null}},"15":{"start":{"line":29,"column":6},"end":{"line":34,"column":null}},"16":{"start":{"line":36,"column":6},"end":{"line":36,"column":null}},"17":{"start":{"line":37,"column":6},"end":{"line":37,"column":null}},"18":{"start":{"line":38,"column":13},"end":{"line":38,"column":16}},"19":{"start":{"line":39,"column":6},"end":{"line":39,"column":null}},"20":{"start":{"line":41,"column":3},"end":{"line":41,"column":4}},"21":{"start":{"line":25,"column":23},"end":{"line":25,"column":null}},"22":{"start":{"line":41,"column":4},"end":{"line":61,"column":4}},"23":{"start":{"line":43,"column":23},"end":{"line":61,"column":4}},"24":{"start":{"line":44,"column":4},"end":{"line":44,"column":null}},"25":{"start":{"line":45,"column":4},"end":{"line":45,"column":26}},"26":{"start":{"line":45,"column":17},"end":{"line":45,"column":26}},"27":{"start":{"line":46,"column":4},"end":{"line":59,"column":null}},"28":{"start":{"line":47,"column":6},"end":{"line":52,"column":null}},"29":{"start":{"line":54,"column":6},"end":{"line":54,"column":null}},"30":{"start":{"line":56,"column":6},"end":{"line":56,"column":null}},"31":{"start":{"line":57,"column":6},"end":{"line":57,"column":null}},"32":{"start":{"line":58,"column":13},"end":{"line":58,"column":16}},"33":{"start":{"line":59,"column":6},"end":{"line":59,"column":null}},"34":{"start":{"line":61,"column":3},"end":{"line":61,"column":4}},"35":{"start":{"line":43,"column":23},"end":{"line":43,"column":null}},"36":{"start":{"line":61,"column":4},"end":{"line":69,"column":4}},"37":{"start":{"line":63,"column":22},"end":{"line":69,"column":4}},"38":{"start":{"line":69,"column":3},"end":{"line":69,"column":4}},"39":{"start":{"line":63,"column":22},"end":{"line":63,"column":null}},"40":{"start":{"line":69,"column":4},"end":{"line":76,"column":4}},"41":{"start":{"line":70,"column":22},"end":{"line":76,"column":4}},"42":{"start":{"line":76,"column":3},"end":{"line":76,"column":4}},"43":{"start":{"line":70,"column":22},"end":{"line":70,"column":null}},"44":{"start":{"line":76,"column":4},"end":{"line":82,"column":null}},"45":{"start":{"line":78,"column":9},"end":{"line":82,"column":null}},"46":{"start":{"line":82,"column":3},"end":{"line":82,"column":null}}},"fnMap":{"0":{"name":"(anonymous_0)","decl":{"start":{"line":14,"column":27},"end":{"line":14,"column":null}},"loc":{"start":{"line":14,"column":27},"end":{"line":82,"column":null}},"line":14},"1":{"name":"(anonymous_1)","decl":{"start":{"line":25,"column":23},"end":{"line":25,"column":null}},"loc":{"start":{"line":25,"column":23},"end":{"line":40,"column":null}},"line":25},"2":{"name":"(anonymous_2)","decl":{"start":{"line":43,"column":23},"end":{"line":43,"column":null}},"loc":{"start":{"line":43,"column":23},"end":{"line":60,"column":null}},"line":43}},"branchMap":{"0":{"loc":{"start":{"line":23,"column":59},"end":{"line":41,"column":4}},"type":"if","locations":[{"start":{"line":23,"column":59},"end":{"line":41,"column":4}},{"start":{"line":41,"column":3},"end":{"line":41,"column":4}}],"line":23},"1":{"loc":{"start":{"line":23,"column":59},"end":{"line":23,"column":null}},"type":"binary-expr","locations":[{"start":{"line":23,"column":59},"end":{"line":23,"column":null}},{"start":{"line":23,"column":59},"end":{"line":23,"column":null}},{"start":{"line":23,"column":59},"end":{"line":23,"column":null}},{"start":{"line":23,"column":59},"end":{"line":23,"column":null}}],"line":23},"2":{"loc":{"start":{"line":27,"column":4},"end":{"line":27,"column":26}},"type":"if","locations":[{"start":{"line":27,"column":4},"end":{"line":27,"column":26}},{"start":{},"end":{}}],"line":27},"3":{"loc":{"start":{"line":41,"column":4},"end":{"line":61,"column":4}},"type":"if","locations":[{"start":{"line":41,"column":4},"end":{"line":61,"column":4}},{"start":{"line":61,"column":3},"end":{"line":61,"column":4}}],"line":41},"4":{"loc":{"start":{"line":41,"column":4},"end":{"line":41,"column":null}},"type":"binary-expr","locations":[{"start":{"line":41,"column":4},"end":{"line":41,"column":null}},{"start":{"line":41,"column":4},"end":{"line":41,"column":null}},{"start":{"line":41,"column":4},"end":{"line":41,"column":null}},{"start":{"line":41,"column":4},"end":{"line":41,"column":null}},{"start":{"line":41,"column":4},"end":{"line":41,"column":null}}],"line":41},"5":{"loc":{"start":{"line":45,"column":4},"end":{"line":45,"column":26}},"type":"if","locations":[{"start":{"line":45,"column":4},"end":{"line":45,"column":26}},{"start":{},"end":{}}],"line":45},"6":{"loc":{"start":{"line":61,"column":4},"end":{"line":69,"column":4}},"type":"if","locations":[{"start":{"line":61,"column":4},"end":{"line":69,"column":4}},{"start":{"line":69,"column":3},"end":{"line":69,"column":4}}],"line":61},"7":{"loc":{"start":{"line":61,"column":4},"end":{"line":61,"column":null}},"type":"binary-expr","locations":[{"start":{"line":61,"column":4},"end":{"line":61,"column":null}},{"start":{"line":61,"column":4},"end":{"line":61,"column":null}},{"start":{"line":61,"column":4},"end":{"line":61,"column":null}}],"line":61},"8":{"loc":{"start":{"line":69,"column":4},"end":{"line":76,"column":4}},"type":"if","locations":[{"start":{"line":69,"column":4},"end":{"line":76,"column":4}},{"start":{"line":76,"column":3},"end":{"line":76,"column":4}}],"line":69},"9":{"loc":{"start":{"line":69,"column":4},"end":{"line":69,"column":null}},"type":"binary-expr","locations":[{"start":{"line":69,"column":4},"end":{"line":69,"column":null}},{"start":{"line":69,"column":4},"end":{"line":69,"column":null}},{"start":{"line":69,"column":4},"end":{"line":69,"column":null}}],"line":69},"10":{"loc":{"start":{"line":76,"column":4},"end":{"line":82,"column":null}},"type":"if","locations":[{"start":{"line":76,"column":4},"end":{"line":82,"column":null}},{"start":{"line":82,"column":3},"end":{"line":82,"column":null}}],"line":76},"11":{"loc":{"start":{"line":76,"column":4},"end":{"line":76,"column":null}},"type":"binary-expr","locations":[{"start":{"line":76,"column":4},"end":{"line":76,"column":null}},{"start":{"line":76,"column":4},"end":{"line":76,"column":null}},{"start":{"line":76,"column":4},"end":{"line":76,"column":null}}],"line":76}},"s":{"0":1,"1":14,"2":14,"3":14,"4":14,"5":14,"6":14,"7":14,"8":14,"9":14,"10":10,"11":3,"12":3,"13":1,"14":2,"15":2,"16":1,"17":1,"18":1,"19":1,"20":4,"21":14,"22":14,"23":10,"24":3,"25":3,"26":1,"27":2,"28":2,"29":1,"30":1,"31":1,"32":1,"33":1,"34":4,"35":14,"36":14,"37":10,"38":4,"39":14,"40":14,"41":10,"42":4,"43":14,"44":14,"45":14,"46":14},"f":{"0":14,"1":3,"2":3},"b":{"0":[10,4],"1":[14,8,8,4],"2":[1,2],"3":[10,4],"4":[14,8,8,8,4],"5":[1,2],"6":[10,4],"7":[14,4,4],"8":[10,4],"9":[14,4,4],"10":[14,0],"11":[14,8,4]},"meta":{"lastBranch":12,"lastFunction":3,"lastStatement":47,"seen":{"s:14:27:82:Infinity":0,"f:14:27:14:Infinity":0,"s:14:27:14:Infinity":1,"s:15:2:15:32":2,"s:16:2:16:32":3,"s:18:2:18:48":4,"s:20:2:20:52":5,"s:21:2:21:58":6,"s:22:2:22:52":7,"s:23:2:23:58":8,"b:23:59:41:4:41:3:41:4":0,"s:23:59:41:4":9,"b:23:59:23:Infinity:23:59:23:Infinity:23:59:23:Infinity:23:59:23:Infinity":1,"s:25:23:41:4":10,"f:25:23:25:Infinity":1,"s:26:4:26:Infinity":11,"b:27:4:27:26:undefined:undefined:undefined:undefined":2,"s:27:4:27:26":12,"s:27:17:27:26":13,"s:28:4:39:Infinity":14,"s:29:6:34:Infinity":15,"s:36:6:36:Infinity":16,"s:37:6:37:Infinity":17,"s:38:13:38:16":18,"s:39:6:39:Infinity":19,"s:41:3:41:4":20,"s:25:23:25:Infinity":21,"b:41:4:61:4:61:3:61:4":3,"s:41:4:61:4":22,"b:41:4:41:Infinity:41:4:41:Infinity:41:4:41:Infinity:41:4:41:Infinity:41:4:41:Infinity":4,"s:43:23:61:4":23,"f:43:23:43:Infinity":2,"s:44:4:44:Infinity":24,"b:45:4:45:26:undefined:undefined:undefined:undefined":5,"s:45:4:45:26":25,"s:45:17:45:26":26,"s:46:4:59:Infinity":27,"s:47:6:52:Infinity":28,"s:54:6:54:Infinity":29,"s:56:6:56:Infinity":30,"s:57:6:57:Infinity":31,"s:58:13:58:16":32,"s:59:6:59:Infinity":33,"s:61:3:61:4":34,"s:43:23:43:Infinity":35,"b:61:4:69:4:69:3:69:4":6,"s:61:4:69:4":36,"b:61:4:61:Infinity:61:4:61:Infinity:61:4:61:Infinity":7,"s:63:22:69:4":37,"s:69:3:69:4":38,"s:63:22:63:Infinity":39,"b:69:4:76:4:76:3:76:4":8,"s:69:4:76:4":40,"b:69:4:69:Infinity:69:4:69:Infinity:69:4:69:Infinity":9,"s:70:22:76:4":41,"s:76:3:76:4":42,"s:70:22:70:Infinity":43,"b:76:4:82:Infinity:82:3:82:Infinity":10,"s:76:4:82:Infinity":44,"b:76:4:76:Infinity:76:4:76:Infinity:76:4:76:Infinity":11,"s:78:9:82:Infinity":45,"s:82:3:82:Infinity":46}}}
,"/Users/inabamasatake/Desktop/FrontHacks/32ReduxThunk/practice/auth_app/src/firebase/auth.js": {"path":"/Users/inabamasatake/Desktop/FrontHacks/32ReduxThunk/practice/auth_app/src/firebase/auth.js","statementMap":{"0":{"start":{"line":6,"column":23},"end":{"line":13,"column":1}},"1":{"start":{"line":16,"column":9},"end":{"line":16,"column":41}},"2":{"start":{"line":18,"column":17},"end":{"line":18,"column":32}}},"fnMap":{},"branchMap":{},"s":{"0":3,"1":3,"2":3},"f":{},"b":{},"meta":{"lastBranch":0,"lastFunction":0,"lastStatement":3,"seen":{"s:6:23:13:1":0,"s:16:9:16:41":1,"s:18:17:18:32":2}}}
,"/Users/inabamasatake/Desktop/FrontHacks/32ReduxThunk/practice/auth_app/src/models/AuthModel.js": {"path":"/Users/inabamasatake/Desktop/FrontHacks/32ReduxThunk/practice/auth_app/src/models/AuthModel.js","statementMap":{"0":{"start":{"line":15,"column":22},"end":{"line":18,"column":1}},"1":{"start":{"line":20,"column":33},"end":{"line":34,"column":1}},"2":{"start":{"line":21,"column":2},"end":{"line":26,"column":null}},"3":{"start":{"line":22,"column":4},"end":{"line":25,"column":null}},"4":{"start":{"line":28,"column":2},"end":{"line":33,"column":null}},"5":{"start":{"line":29,"column":4},"end":{"line":32,"column":null}},"6":{"start":{"line":36,"column":25},"end":{"line":43,"column":1}},"7":{"start":{"line":37,"column":2},"end":{"line":42,"column":null}},"8":{"start":{"line":38,"column":4},"end":{"line":41,"column":null}},"9":{"start":{"line":45,"column":20},"end":{"line":49,"column":2}},"10":{"start":{"line":45,"column":30},"end":{"line":49,"column":1}},"11":{"start":{"line":51,"column":30},"end":{"line":59,"column":1}},"12":{"start":{"line":52,"column":2},"end":{"line":58,"column":null}},"13":{"start":{"line":53,"column":4},"end":{"line":57,"column":null}},"14":{"start":{"line":54,"column":6},"end":{"line":54,"column":null}},"15":{"start":{"line":56,"column":6},"end":{"line":56,"column":null}},"16":{"start":{"line":61,"column":26},"end":{"line":74,"column":1}},"17":{"start":{"line":62,"column":2},"end":{"line":62,"column":null}},"18":{"start":{"line":63,"column":25},"end":{"line":67,"column":3}},"19":{"start":{"line":69,"column":15},"end":{"line":69,"column":34}},"20":{"start":{"line":71,"column":2},"end":{"line":71,"column":null}},"21":{"start":{"line":73,"column":2},"end":{"line":73,"column":null}},"22":{"start":{"line":76,"column":26},"end":{"line":94,"column":1}},"23":{"start":{"line":77,"column":2},"end":{"line":77,"column":null}},"24":{"start":{"line":78,"column":25},"end":{"line":82,"column":3}},"25":{"start":{"line":84,"column":15},"end":{"line":84,"column":34}},"26":{"start":{"line":86,"column":2},"end":{"line":91,"column":null}},"27":{"start":{"line":87,"column":4},"end":{"line":90,"column":null}},"28":{"start":{"line":93,"column":2},"end":{"line":93,"column":null}},"29":{"start":{"line":96,"column":27},"end":{"line":98,"column":1}},"30":{"start":{"line":97,"column":2},"end":{"line":97,"column":null}}},"fnMap":{"0":{"name":"(anonymous_0)","decl":{"start":{"line":20,"column":33},"end":{"line":20,"column":34}},"loc":{"start":{"line":20,"column":54},"end":{"line":34,"column":1}},"line":20},"1":{"name":"(anonymous_1)","decl":{"start":{"line":36,"column":25},"end":{"line":36,"column":26}},"loc":{"start":{"line":36,"column":46},"end":{"line":43,"column":1}},"line":36},"2":{"name":"(anonymous_2)","decl":{"start":{"line":45,"column":20},"end":{"line":45,"column":24}},"loc":{"start":{"line":45,"column":30},"end":{"line":49,"column":1}},"line":45},"3":{"name":"(anonymous_3)","decl":{"start":{"line":51,"column":30},"end":{"line":51,"column":38}},"loc":{"start":{"line":51,"column":43},"end":{"line":59,"column":1}},"line":51},"4":{"name":"(anonymous_4)","decl":{"start":{"line":52,"column":35},"end":{"line":52,"column":39}},"loc":{"start":{"line":52,"column":44},"end":{"line":58,"column":3}},"line":52},"5":{"name":"(anonymous_5)","decl":{"start":{"line":61,"column":26},"end":{"line":61,"column":33}},"loc":{"start":{"line":61,"column":53},"end":{"line":74,"column":1}},"line":61},"6":{"name":"(anonymous_6)","decl":{"start":{"line":76,"column":26},"end":{"line":76,"column":33}},"loc":{"start":{"line":76,"column":53},"end":{"line":94,"column":1}},"line":76},"7":{"name":"(anonymous_7)","decl":{"start":{"line":96,"column":27},"end":{"line":96,"column":39}},"loc":{"start":{"line":96,"column":39},"end":{"line":98,"column":1}},"line":96}},"branchMap":{"0":{"loc":{"start":{"line":21,"column":2},"end":{"line":26,"column":null}},"type":"if","locations":[{"start":{"line":21,"column":2},"end":{"line":26,"column":null}},{"start":{},"end":{}}],"line":21},"1":{"loc":{"start":{"line":21,"column":6},"end":{"line":21,"column":25}},"type":"binary-expr","locations":[{"start":{"line":21,"column":6},"end":{"line":21,"column":12}},{"start":{"line":21,"column":16},"end":{"line":21,"column":25}}],"line":21},"2":{"loc":{"start":{"line":28,"column":2},"end":{"line":33,"column":null}},"type":"if","locations":[{"start":{"line":28,"column":2},"end":{"line":33,"column":null}},{"start":{},"end":{}}],"line":28},"3":{"loc":{"start":{"line":37,"column":2},"end":{"line":42,"column":null}},"type":"if","locations":[{"start":{"line":37,"column":2},"end":{"line":42,"column":null}},{"start":{},"end":{}}],"line":37},"4":{"loc":{"start":{"line":37,"column":6},"end":{"line":37,"column":25}},"type":"binary-expr","locations":[{"start":{"line":37,"column":6},"end":{"line":37,"column":12}},{"start":{"line":37,"column":16},"end":{"line":37,"column":25}}],"line":37},"5":{"loc":{"start":{"line":53,"column":4},"end":{"line":57,"column":null}},"type":"if","locations":[{"start":{"line":53,"column":4},"end":{"line":57,"column":null}},{"start":{"line":55,"column":11},"end":{"line":57,"column":null}}],"line":53},"6":{"loc":{"start":{"line":86,"column":2},"end":{"line":91,"column":null}},"type":"if","locations":[{"start":{"line":86,"column":2},"end":{"line":91,"column":null}},{"start":{},"end":{}}],"line":86}},"s":{"0":3,"1":3,"2":6,"3":2,"4":4,"5":2,"6":3,"7":4,"8":1,"9":3,"10":3,"11":3,"12":1,"13":1,"14":1,"15":0,"16":3,"17":6,"18":6,"19":1,"20":1,"21":1,"22":3,"23":4,"24":4,"25":2,"26":2,"27":1,"28":1,"29":3,"30":2},"f":{"0":6,"1":4,"2":3,"3":1,"4":1,"5":6,"6":4,"7":2},"b":{"0":[2,4],"1":[6,4],"2":[2,2],"3":[1,3],"4":[4,3],"5":[1,0],"6":[1,1]},"meta":{"lastBranch":7,"lastFunction":8,"lastStatement":31,"seen":{"s:15:22:18:1":0,"s:20:33:34:1":1,"f:20:33:20:34":0,"b:21:2:26:Infinity:undefined:undefined:undefined:undefined":0,"s:21:2:26:Infinity":2,"b:21:6:21:12:21:16:21:25":1,"s:22:4:25:Infinity":3,"b:28:2:33:Infinity:undefined:undefined:undefined:undefined":2,"s:28:2:33:Infinity":4,"s:29:4:32:Infinity":5,"s:36:25:43:1":6,"f:36:25:36:26":1,"b:37:2:42:Infinity:undefined:undefined:undefined:undefined":3,"s:37:2:42:Infinity":7,"b:37:6:37:12:37:16:37:25":4,"s:38:4:41:Infinity":8,"s:45:20:49:2":9,"f:45:20:45:24":2,"s:45:30:49:1":10,"s:51:30:59:1":11,"f:51:30:51:38":3,"s:52:2:58:Infinity":12,"f:52:35:52:39":4,"b:53:4:57:Infinity:55:11:57:Infinity":5,"s:53:4:57:Infinity":13,"s:54:6:54:Infinity":14,"s:56:6:56:Infinity":15,"s:61:26:74:1":16,"f:61:26:61:33":5,"s:62:2:62:Infinity":17,"s:63:25:67:3":18,"s:69:15:69:34":19,"s:71:2:71:Infinity":20,"s:73:2:73:Infinity":21,"s:76:26:94:1":22,"f:76:26:76:33":6,"s:77:2:77:Infinity":23,"s:78:25:82:3":24,"s:84:15:84:34":25,"b:86:2:91:Infinity:undefined:undefined:undefined:undefined":6,"s:86:2:91:Infinity":26,"s:87:4:90:Infinity":27,"s:93:2:93:Infinity":28,"s:96:27:98:1":29,"f:96:27:96:39":7,"s:97:2:97:Infinity":30}}}
,"/Users/inabamasatake/Desktop/FrontHacks/32ReduxThunk/practice/auth_app/src/models/errors/ModelError.js": {"path":"/Users/inabamasatake/Desktop/FrontHacks/32ReduxThunk/practice/auth_app/src/models/errors/ModelError.js","statementMap":{"0":{"start":{"line":3,"column":32},"end":{"line":12,"column":1}},"1":{"start":{"line":16,"column":4},"end":{"line":16,"column":null}},"2":{"start":{"line":17,"column":4},"end":{"line":17,"column":null}},"3":{"start":{"line":18,"column":4},"end":{"line":18,"column":null}},"4":{"start":{"line":19,"column":4},"end":{"line":21,"column":null}},"5":{"start":{"line":20,"column":6},"end":{"line":20,"column":null}}},"fnMap":{"0":{"name":"(anonymous_0)","decl":{"start":{"line":15,"column":2},"end":{"line":15,"column":13}},"loc":{"start":{"line":15,"column":40},"end":{"line":22,"column":null}},"line":15}},"branchMap":{"0":{"loc":{"start":{"line":19,"column":4},"end":{"line":21,"column":null}},"type":"if","locations":[{"start":{"line":19,"column":4},"end":{"line":21,"column":null}},{"start":{},"end":{}}],"line":19}},"s":{"0":6,"1":24,"2":24,"3":24,"4":24,"5":1},"f":{"0":24},"b":{"0":[1,23]},"meta":{"lastBranch":1,"lastFunction":1,"lastStatement":6,"seen":{"s:3:32:12:1":0,"f:15:2:15:13":0,"s:16:4:16:Infinity":1,"s:17:4:17:Infinity":2,"s:18:4:18:Infinity":3,"b:19:4:21:Infinity:undefined:undefined:undefined:undefined":0,"s:19:4:21:Infinity":4,"s:20:6:20:Infinity":5}}}
,"/Users/inabamasatake/Desktop/FrontHacks/32ReduxThunk/practice/auth_app/src/redux/features/auth/authSelectors.js": {"path":"/Users/inabamasatake/Desktop/FrontHacks/32ReduxThunk/practice/auth_app/src/redux/features/auth/authSelectors.js","statementMap":{"0":{"start":{"line":2,"column":32},"end":{"line":2,"column":62}},"1":{"start":{"line":2,"column":42},"end":{"line":2,"column":62}},"2":{"start":{"line":3,"column":27},"end":{"line":3,"column":52}},"3":{"start":{"line":3,"column":37},"end":{"line":3,"column":52}},"4":{"start":{"line":4,"column":28},"end":{"line":4,"column":54}},"5":{"start":{"line":4,"column":38},"end":{"line":4,"column":54}},"6":{"start":{"line":5,"column":34},"end":{"line":5,"column":66}},"7":{"start":{"line":5,"column":44},"end":{"line":5,"column":66}}},"fnMap":{"0":{"name":"(anonymous_0)","decl":{"start":{"line":2,"column":32},"end":{"line":2,"column":37}},"loc":{"start":{"line":2,"column":42},"end":{"line":2,"column":62}},"line":2},"1":{"name":"(anonymous_1)","decl":{"start":{"line":3,"column":27},"end":{"line":3,"column":32}},"loc":{"start":{"line":3,"column":37},"end":{"line":3,"column":52}},"line":3},"2":{"name":"(anonymous_2)","decl":{"start":{"line":4,"column":28},"end":{"line":4,"column":33}},"loc":{"start":{"line":4,"column":38},"end":{"line":4,"column":54}},"line":4},"3":{"name":"(anonymous_3)","decl":{"start":{"line":5,"column":34},"end":{"line":5,"column":39}},"loc":{"start":{"line":5,"column":44},"end":{"line":5,"column":66}},"line":5}},"branchMap":{},"s":{"0":2,"1":12,"2":2,"3":0,"4":2,"5":0,"6":2,"7":0},"f":{"0":12,"1":0,"2":0,"3":0},"b":{},"meta":{"lastBranch":0,"lastFunction":4,"lastStatement":8,"seen":{"s:2:32:2:62":0,"f:2:32:2:37":0,"s:2:42:2:62":1,"s:3:27:3:52":2,"f:3:27:3:32":1,"s:3:37:3:52":3,"s:4:28:4:54":4,"f:4:28:4:33":2,"s:4:38:4:54":5,"s:5:34:5:66":6,"f:5:34:5:39":3,"s:5:44:5:66":7}}}
,"/Users/inabamasatake/Desktop/FrontHacks/32ReduxThunk/practice/auth_app/src/redux/features/auth/authSlice.js": {"path":"/Users/inabamasatake/Desktop/FrontHacks/32ReduxThunk/practice/auth_app/src/redux/features/auth/authSlice.js","statementMap":{"0":{"start":{"line":10,"column":32},"end":{"line":15,"column":1}},"1":{"start":{"line":17,"column":15},"end":{"line":73,"column":2}},"2":{"start":{"line":22,"column":6},"end":{"line":22,"column":null}},"3":{"start":{"line":25,"column":6},"end":{"line":25,"column":null}},"4":{"start":{"line":29,"column":6},"end":{"line":29,"column":null}},"5":{"start":{"line":32,"column":6},"end":{"line":32,"column":null}},"6":{"start":{"line":37,"column":4},"end":{"line":71,"column":null}},"7":{"start":{"line":40,"column":8},"end":{"line":40,"column":null}},"8":{"start":{"line":43,"column":8},"end":{"line":43,"column":null}},"9":{"start":{"line":44,"column":8},"end":{"line":44,"column":null}},"10":{"start":{"line":45,"column":8},"end":{"line":45,"column":null}},"11":{"start":{"line":50,"column":8},"end":{"line":50,"column":null}},"12":{"start":{"line":51,"column":8},"end":{"line":51,"column":null}},"13":{"start":{"line":52,"column":8},"end":{"line":52,"column":null}},"14":{"start":{"line":55,"column":8},"end":{"line":55,"column":null}},"15":{"start":{"line":56,"column":8},"end":{"line":56,"column":null}},"16":{"start":{"line":57,"column":8},"end":{"line":57,"column":null}},"17":{"start":{"line":62,"column":8},"end":{"line":62,"column":null}},"18":{"start":{"line":68,"column":10},"end":{"line":68,"column":null}},"19":{"start":{"line":69,"column":10},"end":{"line":69,"column":null}},"20":{"start":{"line":76,"column":2},"end":{"line":76,"column":19}}},"fnMap":{"0":{"name":"(anonymous_0)","decl":{"start":{"line":21,"column":21},"end":{"line":21,"column":26}},"loc":{"start":{"line":21,"column":31},"end":{"line":23,"column":5}},"line":21},"1":{"name":"(anonymous_1)","decl":{"start":{"line":24,"column":13},"end":{"line":24,"column":14}},"loc":{"start":{"line":24,"column":32},"end":{"line":26,"column":5}},"line":24},"2":{"name":"(anonymous_2)","decl":{"start":{"line":28,"column":21},"end":{"line":28,"column":26}},"loc":{"start":{"line":28,"column":31},"end":{"line":30,"column":5}},"line":28},"3":{"name":"(anonymous_3)","decl":{"start":{"line":31,"column":16},"end":{"line":31,"column":21}},"loc":{"start":{"line":31,"column":26},"end":{"line":33,"column":null}},"line":31},"4":{"name":"(anonymous_4)","decl":{"start":{"line":36,"column":18},"end":{"line":36,"column":25}},"loc":{"start":{"line":36,"column":30},"end":{"line":72,"column":null}},"line":36},"5":{"name":"(anonymous_5)","decl":{"start":{"line":39,"column":40},"end":{"line":39,"column":41}},"loc":{"start":{"line":39,"column":59},"end":{"line":41,"column":7}},"line":39},"6":{"name":"(anonymous_6)","decl":{"start":{"line":42,"column":42},"end":{"line":42,"column":43}},"loc":{"start":{"line":42,"column":61},"end":{"line":46,"column":7}},"line":42},"7":{"name":"(anonymous_7)","decl":{"start":{"line":49,"column":40},"end":{"line":49,"column":41}},"loc":{"start":{"line":49,"column":59},"end":{"line":53,"column":7}},"line":49},"8":{"name":"(anonymous_8)","decl":{"start":{"line":54,"column":42},"end":{"line":54,"column":43}},"loc":{"start":{"line":54,"column":61},"end":{"line":58,"column":7}},"line":54},"9":{"name":"(anonymous_9)","decl":{"start":{"line":61,"column":43},"end":{"line":61,"column":44}},"loc":{"start":{"line":61,"column":62},"end":{"line":63,"column":7}},"line":61},"10":{"name":"(anonymous_10)","decl":{"start":{"line":67,"column":8},"end":{"line":67,"column":9}},"loc":{"start":{"line":67,"column":27},"end":{"line":70,"column":null}},"line":67}},"branchMap":{},"s":{"0":2,"1":2,"2":1,"3":1,"4":1,"5":1,"6":2,"7":1,"8":1,"9":1,"10":1,"11":1,"12":1,"13":1,"14":1,"15":1,"16":1,"17":1,"18":2,"19":2,"20":2},"f":{"0":1,"1":1,"2":1,"3":1,"4":2,"5":1,"6":1,"7":1,"8":1,"9":1,"10":2},"b":{},"meta":{"lastBranch":0,"lastFunction":11,"lastStatement":21,"seen":{"s:10:32:15:1":0,"s:17:15:73:2":1,"f:21:21:21:26":0,"s:22:6:22:Infinity":2,"f:24:13:24:14":1,"s:25:6:25:Infinity":3,"f:28:21:28:26":2,"s:29:6:29:Infinity":4,"f:31:16:31:21":3,"s:32:6:32:Infinity":5,"f:36:18:36:25":4,"s:37:4:71:Infinity":6,"f:39:40:39:41":5,"s:40:8:40:Infinity":7,"f:42:42:42:43":6,"s:43:8:43:Infinity":8,"s:44:8:44:Infinity":9,"s:45:8:45:Infinity":10,"f:49:40:49:41":7,"s:50:8:50:Infinity":11,"s:51:8:51:Infinity":12,"s:52:8:52:Infinity":13,"f:54:42:54:43":8,"s:55:8:55:Infinity":14,"s:56:8:56:Infinity":15,"s:57:8:57:Infinity":16,"f:61:43:61:44":9,"s:62:8:62:Infinity":17,"f:67:8:67:9":10,"s:68:10:68:Infinity":18,"s:69:10:69:Infinity":19,"s:76:2:76:19":20}}}
,"/Users/inabamasatake/Desktop/FrontHacks/32ReduxThunk/practice/auth_app/src/redux/features/auth/authThunks.js": {"path":"/Users/inabamasatake/Desktop/FrontHacks/32ReduxThunk/practice/auth_app/src/redux/features/auth/authThunks.js","statementMap":{"0":{"start":{"line":18,"column":29},"end":{"line":30,"column":1}},"1":{"start":{"line":18,"column":36},"end":{"line":30,"column":1}},"2":{"start":{"line":19,"column":19},"end":{"line":27,"column":4}},"3":{"start":{"line":20,"column":4},"end":{"line":24,"column":null}},"4":{"start":{"line":21,"column":6},"end":{"line":21,"column":null}},"5":{"start":{"line":23,"column":6},"end":{"line":23,"column":null}},"6":{"start":{"line":26,"column":4},"end":{"line":26,"column":null}},"7":{"start":{"line":29,"column":2},"end":{"line":29,"column":null}},"8":{"start":{"line":32,"column":28},"end":{"line":45,"column":1}},"9":{"start":{"line":35,"column":4},"end":{"line":43,"column":null}},"10":{"start":{"line":36,"column":19},"end":{"line":36,"column":52}},"11":{"start":{"line":38,"column":6},"end":{"line":38,"column":null}},"12":{"start":{"line":39,"column":6},"end":{"line":39,"column":null}},"13":{"start":{"line":41,"column":6},"end":{"line":41,"column":null}},"14":{"start":{"line":47,"column":28},"end":{"line":59,"column":1}},"15":{"start":{"line":50,"column":4},"end":{"line":57,"column":null}},"16":{"start":{"line":51,"column":19},"end":{"line":51,"column":52}},"17":{"start":{"line":52,"column":6},"end":{"line":52,"column":null}},"18":{"start":{"line":53,"column":6},"end":{"line":53,"column":null}},"19":{"start":{"line":55,"column":6},"end":{"line":55,"column":null}},"20":{"start":{"line":60,"column":29},"end":{"line":72,"column":1}},"21":{"start":{"line":63,"column":4},"end":{"line":70,"column":null}},"22":{"start":{"line":64,"column":6},"end":{"line":64,"column":null}},"23":{"start":{"line":65,"column":6},"end":{"line":65,"column":null}},"24":{"start":{"line":66,"column":6},"end":{"line":66,"column":null}},"25":{"start":{"line":68,"column":6},"end":{"line":68,"column":null}}},"fnMap":{"0":{"name":"(anonymous_0)","decl":{"start":{"line":18,"column":29},"end":{"line":18,"column":36}},"loc":{"start":{"line":18,"column":36},"end":{"line":30,"column":1}},"line":18},"1":{"name":"(anonymous_1)","decl":{"start":{"line":18,"column":36},"end":{"line":18,"column":44}},"loc":{"start":{"line":18,"column":49},"end":{"line":30,"column":1}},"line":18},"2":{"name":"(anonymous_2)","decl":{"start":{"line":19,"column":37},"end":{"line":19,"column":41}},"loc":{"start":{"line":19,"column":46},"end":{"line":27,"column":3}},"line":19},"3":{"name":"(anonymous_3)","decl":{"start":{"line":34,"column":2},"end":{"line":34,"column":9}},"loc":{"start":{"line":34,"column":43},"end":{"line":44,"column":null}},"line":34},"4":{"name":"(anonymous_4)","decl":{"start":{"line":49,"column":2},"end":{"line":49,"column":9}},"loc":{"start":{"line":49,"column":43},"end":{"line":58,"column":null}},"line":49},"5":{"name":"(anonymous_5)","decl":{"start":{"line":62,"column":2},"end":{"line":62,"column":9}},"loc":{"start":{"line":62,"column":25},"end":{"line":71,"column":null}},"line":62}},"branchMap":{"0":{"loc":{"start":{"line":20,"column":4},"end":{"line":24,"column":null}},"type":"if","locations":[{"start":{"line":20,"column":4},"end":{"line":24,"column":null}},{"start":{"line":22,"column":11},"end":{"line":24,"column":null}}],"line":20}},"s":{"0":3,"1":1,"2":1,"3":2,"4":1,"5":1,"6":2,"7":1,"8":3,"9":2,"10":2,"11":1,"12":1,"13":1,"14":3,"15":2,"16":2,"17":1,"18":1,"19":1,"20":3,"21":2,"22":2,"23":1,"24":1,"25":1},"f":{"0":1,"1":1,"2":2,"3":2,"4":2,"5":2},"b":{"0":[1,1]},"meta":{"lastBranch":1,"lastFunction":6,"lastStatement":26,"seen":{"s:18:29:30:1":0,"f:18:29:18:36":0,"s:18:36:30:1":1,"f:18:36:18:44":1,"s:19:19:27:4":2,"f:19:37:19:41":2,"b:20:4:24:Infinity:22:11:24:Infinity":0,"s:20:4:24:Infinity":3,"s:21:6:21:Infinity":4,"s:23:6:23:Infinity":5,"s:26:4:26:Infinity":6,"s:29:2:29:Infinity":7,"s:32:28:45:1":8,"f:34:2:34:9":3,"s:35:4:43:Infinity":9,"s:36:19:36:52":10,"s:38:6:38:Infinity":11,"s:39:6:39:Infinity":12,"s:41:6:41:Infinity":13,"s:47:28:59:1":14,"f:49:2:49:9":4,"s:50:4:57:Infinity":15,"s:51:19:51:52":16,"s:52:6:52:Infinity":17,"s:53:6:53:Infinity":18,"s:55:6:55:Infinity":19,"s:60:29:72:1":20,"f:62:2:62:9":5,"s:63:4:70:Infinity":21,"s:64:6:64:Infinity":22,"s:65:6:65:Infinity":23,"s:66:6:66:Infinity":24,"s:68:6:68:Infinity":25}}}
,"/Users/inabamasatake/Desktop/FrontHacks/32ReduxThunk/practice/auth_app/src/redux/features/auth/mapAuthErrorToModelError.js": {"path":"/Users/inabamasatake/Desktop/FrontHacks/32ReduxThunk/practice/auth_app/src/redux/features/auth/mapAuthErrorToModelError.js","statementMap":{"0":{"start":{"line":8,"column":23},"end":{"line":43,"column":1}},"1":{"start":{"line":45,"column":41},"end":{"line":73,"column":1}},"2":{"start":{"line":46,"column":2},"end":{"line":48,"column":null}},"3":{"start":{"line":47,"column":4},"end":{"line":47,"column":null}},"4":{"start":{"line":50,"column":2},"end":{"line":66,"column":null}},"5":{"start":{"line":51,"column":19},"end":{"line":51,"column":45}},"6":{"start":{"line":53,"column":4},"end":{"line":59,"column":null}},"7":{"start":{"line":54,"column":6},"end":{"line":58,"column":null}},"8":{"start":{"line":61,"column":4},"end":{"line":65,"column":null}},"9":{"start":{"line":68,"column":2},"end":{"line":72,"column":null}}},"fnMap":{"0":{"name":"(anonymous_0)","decl":{"start":{"line":45,"column":41},"end":{"line":45,"column":46}},"loc":{"start":{"line":45,"column":51},"end":{"line":73,"column":1}},"line":45}},"branchMap":{"0":{"loc":{"start":{"line":46,"column":2},"end":{"line":48,"column":null}},"type":"if","locations":[{"start":{"line":46,"column":2},"end":{"line":48,"column":null}},{"start":{},"end":{}}],"line":46},"1":{"loc":{"start":{"line":50,"column":2},"end":{"line":66,"column":null}},"type":"if","locations":[{"start":{"line":50,"column":2},"end":{"line":66,"column":null}},{"start":{},"end":{}}],"line":50},"2":{"loc":{"start":{"line":53,"column":4},"end":{"line":59,"column":null}},"type":"if","locations":[{"start":{"line":53,"column":4},"end":{"line":59,"column":null}},{"start":{},"end":{}}],"line":53}},"s":{"0":3,"1":3,"2":11,"3":1,"4":10,"5":9,"6":9,"7":8,"8":1,"9":1},"f":{"0":11},"b":{"0":[1,10],"1":[9,1],"2":[8,1]},"meta":{"lastBranch":3,"lastFunction":1,"lastStatement":10,"seen":{"s:8:23:43:1":0,"s:45:41:73:1":1,"f:45:41:45:46":0,"b:46:2:48:Infinity:undefined:undefined:undefined:undefined":0,"s:46:2:48:Infinity":2,"s:47:4:47:Infinity":3,"b:50:2:66:Infinity:undefined:undefined:undefined:undefined":1,"s:50:2:66:Infinity":4,"s:51:19:51:45":5,"b:53:4:59:Infinity:undefined:undefined:undefined:undefined":2,"s:53:4:59:Infinity":6,"s:54:6:58:Infinity":7,"s:61:4:65:Infinity":8,"s:68:2:72:Infinity":9}}}
,"/Users/inabamasatake/Desktop/FrontHacks/32ReduxThunk/practice/auth_app/src/redux/features/snackbar/snackbarSlice.js": {"path":"/Users/inabamasatake/Desktop/FrontHacks/32ReduxThunk/practice/auth_app/src/redux/features/snackbar/snackbarSlice.js","statementMap":{"0":{"start":{"line":5,"column":36},"end":{"line":8,"column":1}},"1":{"start":{"line":10,"column":19},"end":{"line":26,"column":2}},"2":{"start":{"line":16,"column":6},"end":{"line":16,"column":null}},"3":{"start":{"line":17,"column":6},"end":{"line":17,"column":null}},"4":{"start":{"line":21,"column":6},"end":{"line":21,"column":null}},"5":{"start":{"line":24,"column":25},"end":{"line":24,"column":null}},"6":{"start":{"line":29,"column":2},"end":{"line":29,"column":23}}},"fnMap":{"0":{"name":"(anonymous_0)","decl":{"start":{"line":15,"column":18},"end":{"line":15,"column":19}},"loc":{"start":{"line":15,"column":37},"end":{"line":18,"column":5}},"line":15},"1":{"name":"(anonymous_1)","decl":{"start":{"line":20,"column":19},"end":{"line":20,"column":24}},"loc":{"start":{"line":20,"column":29},"end":{"line":22,"column":5}},"line":20},"2":{"name":"(anonymous_2)","decl":{"start":{"line":24,"column":19},"end":{"line":24,"column":25}},"loc":{"start":{"line":24,"column":25},"end":{"line":24,"column":null}},"line":24}},"branchMap":{},"s":{"0":5,"1":5,"2":1,"3":1,"4":1,"5":1,"6":5},"f":{"0":1,"1":1,"2":1},"b":{},"meta":{"lastBranch":0,"lastFunction":3,"lastStatement":7,"seen":{"s:5:36:8:1":0,"s:10:19:26:2":1,"f:15:18:15:19":0,"s:16:6:16:Infinity":2,"s:17:6:17:Infinity":3,"f:20:19:20:24":1,"s:21:6:21:Infinity":4,"f:24:19:24:25":2,"s:24:25:24:Infinity":5,"s:29:2:29:23":6}}}
,"/Users/inabamasatake/Desktop/FrontHacks/32ReduxThunk/practice/auth_app/src/redux/middleware/snackbarMiddleware.js": {"path":"/Users/inabamasatake/Desktop/FrontHacks/32ReduxThunk/practice/auth_app/src/redux/middleware/snackbarMiddleware.js","statementMap":{"0":{"start":{"line":6,"column":35},"end":{"line":13,"column":1}},"1":{"start":{"line":6,"column":46},"end":{"line":13,"column":1}},"2":{"start":{"line":6,"column":56},"end":{"line":13,"column":1}},"3":{"start":{"line":7,"column":2},"end":{"line":10,"column":null}},"4":{"start":{"line":8,"column":20},"end":{"line":8,"column":59}},"5":{"start":{"line":9,"column":4},"end":{"line":9,"column":null}},"6":{"start":{"line":12,"column":2},"end":{"line":12,"column":null}}},"fnMap":{"0":{"name":"(anonymous_0)","decl":{"start":{"line":6,"column":35},"end":{"line":6,"column":40}},"loc":{"start":{"line":6,"column":46},"end":{"line":13,"column":1}},"line":6},"1":{"name":"(anonymous_1)","decl":{"start":{"line":6,"column":46},"end":{"line":6,"column":50}},"loc":{"start":{"line":6,"column":56},"end":{"line":13,"column":1}},"line":6},"2":{"name":"(anonymous_2)","decl":{"start":{"line":6,"column":56},"end":{"line":6,"column":62}},"loc":{"start":{"line":6,"column":67},"end":{"line":13,"column":1}},"line":6}},"branchMap":{"0":{"loc":{"start":{"line":7,"column":2},"end":{"line":10,"column":null}},"type":"if","locations":[{"start":{"line":7,"column":2},"end":{"line":10,"column":null}},{"start":{},"end":{}}],"line":7},"1":{"loc":{"start":{"line":8,"column":20},"end":{"line":8,"column":59}},"type":"binary-expr","locations":[{"start":{"line":8,"column":20},"end":{"line":8,"column":43}},{"start":{"line":8,"column":47},"end":{"line":8,"column":59}}],"line":8}},"s":{"0":1,"1":3,"2":3,"3":3,"4":2,"5":2,"6":3},"f":{"0":3,"1":3,"2":3},"b":{"0":[2,1],"1":[2,1]},"meta":{"lastBranch":2,"lastFunction":3,"lastStatement":7,"seen":{"s:6:35:13:1":0,"f:6:35:6:40":0,"s:6:46:13:1":1,"f:6:46:6:50":1,"s:6:56:13:1":2,"f:6:56:6:62":2,"b:7:2:10:Infinity:undefined:undefined:undefined:undefined":0,"s:7:2:10:Infinity":3,"s:8:20:8:59":4,"b:8:20:8:43:8:47:8:59":1,"s:9:4:9:Infinity":5,"s:12:2:12:Infinity":6}}}
,"/Users/inabamasatake/Desktop/FrontHacks/32ReduxThunk/practice/auth_app/src/redux/utils/createThunk.js": {"path":"/Users/inabamasatake/Desktop/FrontHacks/32ReduxThunk/practice/auth_app/src/redux/utils/createThunk.js","statementMap":{"0":{"start":{"line":7,"column":27},"end":{"line":24,"column":4}},"1":{"start":{"line":7,"column":36},"end":{"line":24,"column":4}},"2":{"start":{"line":9,"column":4},"end":{"line":23,"column":null}},"3":{"start":{"line":10,"column":6},"end":{"line":10,"column":null}},"4":{"start":{"line":12,"column":6},"end":{"line":17,"column":null}},"5":{"start":{"line":13,"column":8},"end":{"line":16,"column":null}},"6":{"start":{"line":19,"column":6},"end":{"line":22,"column":null}}},"fnMap":{"0":{"name":"(anonymous_0)","decl":{"start":{"line":7,"column":27},"end":{"line":7,"column":28}},"loc":{"start":{"line":7,"column":36},"end":{"line":24,"column":4}},"line":7},"1":{"name":"(anonymous_1)","decl":{"start":{"line":8,"column":25},"end":{"line":8,"column":32}},"loc":{"start":{"line":8,"column":50},"end":{"line":24,"column":3}},"line":8}},"branchMap":{"0":{"loc":{"start":{"line":12,"column":6},"end":{"line":17,"column":null}},"type":"if","locations":[{"start":{"line":12,"column":6},"end":{"line":17,"column":null}},{"start":{},"end":{}}],"line":12}},"s":{"0":4,"1":12,"2":9,"3":9,"4":5,"5":4,"6":1},"f":{"0":12,"1":9},"b":{"0":[4,1]},"meta":{"lastBranch":1,"lastFunction":2,"lastStatement":7,"seen":{"s:7:27:24:4":0,"f:7:27:7:28":0,"s:7:36:24:4":1,"f:8:25:8:32":1,"s:9:4:23:Infinity":2,"s:10:6:10:Infinity":3,"b:12:6:17:Infinity:undefined:undefined:undefined:undefined":0,"s:12:6:17:Infinity":4,"s:13:8:16:Infinity":5,"s:19:6:22:Infinity":6}}}
,"/Users/inabamasatake/Desktop/FrontHacks/32ReduxThunk/practice/auth_app/src/test/redux/fixtures/authFixture.js": {"path":"/Users/inabamasatake/Desktop/FrontHacks/32ReduxThunk/practice/auth_app/src/test/redux/fixtures/authFixture.js","statementMap":{"0":{"start":{"line":3,"column":24},"end":{"line":3,"column":76}}},"fnMap":{},"branchMap":{},"s":{"0":2},"f":{},"b":{},"meta":{"lastBranch":0,"lastFunction":0,"lastStatement":1,"seen":{"s:3:24:3:76":0}}}
,"/Users/inabamasatake/Desktop/FrontHacks/32ReduxThunk/practice/auth_app/src/test/utils/renderHookWithStore.jsx": {"path":"/Users/inabamasatake/Desktop/FrontHacks/32ReduxThunk/practice/auth_app/src/test/utils/renderHookWithStore.jsx","statementMap":{"0":{"start":{"line":10,"column":35},"end":{"line":60,"column":null}},"1":{"start":{"line":19,"column":8},"end":{"line":26,"column":null}},"2":{"start":{"line":23,"column":6},"end":{"line":25,"column":null}},"3":{"start":{"line":28,"column":22},"end":{"line":28,"column":null}},"4":{"start":{"line":30,"column":24},"end":{"line":45,"column":null}},"5":{"start":{"line":30,"column":24},"end":{"line":30,"column":25}},"6":{"start":{"line":30,"column":25},"end":{"line":30,"column":46}},"7":{"start":{"line":30,"column":46},"end":{"line":34,"column":7}},"8":{"start":{"line":31,"column":39},"end":{"line":34,"column":5}},"9":{"start":{"line":34,"column":5},"end":{"line":34,"column":7}},"10":{"start":{"line":31,"column":4},"end":{"line":34,"column":7}},"11":{"start":{"line":34,"column":7},"end":{"line":36,"column":62}},"12":{"start":{"line":36,"column":20},"end":{"line":36,"column":52}},"13":{"start":{"line":36,"column":26},"end":{"line":36,"column":52}},"14":{"start":{"line":36,"column":52},"end":{"line":36,"column":61}},"15":{"start":{"line":36,"column":61},"end":{"line":36,"column":62}},"16":{"start":{"line":36,"column":4},"end":{"line":36,"column":62}},"17":{"start":{"line":36,"column":62},"end":{"line":45,"column":null}},"18":{"start":{"line":39,"column":6},"end":{"line":45,"column":15}},"19":{"start":{"line":45,"column":15},"end":{"line":45,"column":null}},"20":{"start":{"line":45,"column":15},"end":{"line":39,"column":7}},"21":{"start":{"line":49,"column":18},"end":{"line":56,"column":null}},"22":{"start":{"line":50,"column":4},"end":{"line":56,"column":null}},"23":{"start":{"line":59,"column":2},"end":{"line":59,"column":null}},"24":{"start":{"line":59,"column":31},"end":{"line":59,"column":39}}},"fnMap":{"0":{"name":"(anonymous_0)","decl":{"start":{"line":10,"column":35},"end":{"line":10,"column":36}},"loc":{"start":{"line":18,"column":6},"end":{"line":60,"column":null}},"line":18},"1":{"name":"(anonymous_1)","decl":{"start":{"line":22,"column":17},"end":{"line":22,"column":null}},"loc":{"start":{"line":23,"column":6},"end":{"line":25,"column":null}},"line":23},"2":{"name":"(anonymous_2)","decl":{"start":{"line":30,"column":24},"end":{"line":30,"column":25}},"loc":{"start":{"line":30,"column":24},"end":{"line":45,"column":null}},"line":30},"3":{"name":"(anonymous_3)","decl":{"start":{"line":36,"column":20},"end":{"line":36,"column":26}},"loc":{"start":{"line":36,"column":26},"end":{"line":36,"column":52}},"line":36},"4":{"name":"(anonymous_4)","decl":{"start":{"line":49,"column":18},"end":{"line":49,"column":19}},"loc":{"start":{"line":50,"column":4},"end":{"line":56,"column":null}},"line":50},"5":{"name":"(anonymous_5)","decl":{"start":{"line":59,"column":25},"end":{"line":59,"column":31}},"loc":{"start":{"line":59,"column":31},"end":{"line":59,"column":39}},"line":59}},"branchMap":{"0":{"loc":{"start":{"line":14,"column":2},"end":{"line":14,"column":null}},"type":"default-arg","locations":[{"start":{"line":14,"column":16},"end":{"line":14,"column":null}}],"line":14},"1":{"loc":{"start":{"line":15,"column":2},"end":{"line":17,"column":null}},"type":"default-arg","locations":[{"start":{"line":15,"column":2},"end":{"line":17,"column":null}}],"line":15},"2":{"loc":{"start":{"line":30,"column":46},"end":{"line":34,"column":7}},"type":"if","locations":[{"start":{"line":30,"column":46},"end":{"line":34,"column":7}},{"start":{"line":34,"column":5},"end":{"line":34,"column":7}}],"line":30},"3":{"loc":{"start":{"line":30,"column":46},"end":{"line":30,"column":null}},"type":"binary-expr","locations":[{"start":{"line":30,"column":46},"end":{"line":30,"column":null}},{"start":{"line":30,"column":46},"end":{"line":30,"column":null}}],"line":30},"4":{"loc":{"start":{"line":34,"column":7},"end":{"line":36,"column":62}},"type":"if","locations":[{"start":{"line":34,"column":7},"end":{"line":36,"column":62}},{"start":{"line":36,"column":61},"end":{"line":36,"column":62}}],"line":34},"5":{"loc":{"start":{"line":36,"column":62},"end":{"line":45,"column":null}},"type":"if","locations":[{"start":{"line":36,"column":62},"end":{"line":45,"column":null}},{"start":{"line":45,"column":15},"end":{"line":45,"column":null}}],"line":36},"6":{"loc":{"start":{"line":36,"column":62},"end":{"line":36,"column":null}},"type":"binary-expr","locations":[{"start":{"line":36,"column":62},"end":{"line":36,"column":null}},{"start":{"line":36,"column":62},"end":{"line":36,"column":null}},{"start":{"line":36,"column":62},"end":{"line":36,"column":null}},{"start":{"line":36,"column":62},"end":{"line":36,"column":null}}],"line":36}},"s":{"0":1,"1":6,"2":6,"3":6,"4":6,"5":6,"6":6,"7":6,"8":6,"9":0,"10":6,"11":6,"12":6,"13":6,"14":6,"15":0,"16":6,"17":6,"18":6,"19":0,"20":6,"21":6,"22":6,"23":6,"24":14},"f":{"0":6,"1":6,"2":6,"3":6,"4":6,"5":14},"b":{"0":[6],"1":[6],"2":[6,0],"3":[6,0],"4":[6,0],"5":[6,0],"6":[6,0,0,0]},"meta":{"lastBranch":7,"lastFunction":6,"lastStatement":25,"seen":{"s:10:35:60:Infinity":0,"f:10:35:10:36":0,"b:14:16:14:Infinity":0,"b:15:2:17:Infinity":1,"s:19:8:26:Infinity":1,"f:22:17:22:Infinity":1,"s:23:6:25:Infinity":2,"s:28:22:28:Infinity":3,"s:30:24:45:Infinity":4,"f:30:24:30:25":2,"s:30:24:30:25":5,"s:30:25:30:46":6,"b:30:46:34:7:34:5:34:7":2,"s:30:46:34:7":7,"b:30:46:30:Infinity:30:46:30:Infinity":3,"s:31:39:34:5":8,"s:34:5:34:7":9,"s:31:4:34:7":10,"b:34:7:36:62:36:61:36:62":4,"s:34:7:36:62":11,"s:36:20:36:52":12,"f:36:20:36:26":3,"s:36:26:36:52":13,"s:36:52:36:61":14,"s:36:61:36:62":15,"s:36:4:36:62":16,"b:36:62:45:Infinity:45:15:45:Infinity":5,"s:36:62:45:Infinity":17,"b:36:62:36:Infinity:36:62:36:Infinity:36:62:36:Infinity:36:62:36:Infinity":6,"s:39:6:45:15":18,"s:45:15:45:Infinity":19,"s:45:15:39:7":20,"s:49:18:56:Infinity":21,"f:49:18:49:19":4,"s:50:4:56:Infinity":22,"s:59:2:59:Infinity":23,"f:59:25:59:31":5,"s:59:31:59:39":24}}}
}
