{"/Users/inabamasatake/Desktop/FrontHacks/32ReduxThunk/practice/auth_app/src/firebase/auth.js": {"path":"/Users/inabamasatake/Desktop/FrontHacks/32ReduxThunk/practice/auth_app/src/firebase/auth.js","statementMap":{"0":{"start":{"line":6,"column":23},"end":{"line":13,"column":1}},"1":{"start":{"line":16,"column":9},"end":{"line":16,"column":41}},"2":{"start":{"line":18,"column":17},"end":{"line":18,"column":32}}},"fnMap":{},"branchMap":{},"s":{"0":1,"1":1,"2":1},"f":{},"b":{},"meta":{"lastBranch":0,"lastFunction":0,"lastStatement":3,"seen":{"s:6:23:13:1":0,"s:16:9:16:41":1,"s:18:17:18:32":2}}}
,"/Users/inabamasatake/Desktop/FrontHacks/32ReduxThunk/practice/auth_app/src/models/AuthModel.js": {"path":"/Users/inabamasatake/Desktop/FrontHacks/32ReduxThunk/practice/auth_app/src/models/AuthModel.js","statementMap":{"0":{"start":{"line":14,"column":22},"end":{"line":17,"column":1}},"1":{"start":{"line":19,"column":33},"end":{"line":30,"column":1}},"2":{"start":{"line":20,"column":2},"end":{"line":22,"column":null}},"3":{"start":{"line":21,"column":4},"end":{"line":21,"column":null}},"4":{"start":{"line":24,"column":2},"end":{"line":29,"column":null}},"5":{"start":{"line":25,"column":4},"end":{"line":28,"column":null}},"6":{"start":{"line":32,"column":26},"end":{"line":45,"column":1}},"7":{"start":{"line":33,"column":2},"end":{"line":33,"column":null}},"8":{"start":{"line":34,"column":25},"end":{"line":38,"column":3}},"9":{"start":{"line":40,"column":15},"end":{"line":40,"column":34}},"10":{"start":{"line":42,"column":2},"end":{"line":42,"column":null}},"11":{"start":{"line":44,"column":2},"end":{"line":44,"column":null}},"12":{"start":{"line":47,"column":26},"end":{"line":58,"column":1}},"13":{"start":{"line":48,"column":2},"end":{"line":48,"column":null}},"14":{"start":{"line":49,"column":25},"end":{"line":53,"column":3}},"15":{"start":{"line":55,"column":15},"end":{"line":55,"column":34}},"16":{"start":{"line":57,"column":2},"end":{"line":57,"column":null}},"17":{"start":{"line":60,"column":27},"end":{"line":62,"column":1}},"18":{"start":{"line":61,"column":2},"end":{"line":61,"column":null}}},"fnMap":{"0":{"name":"(anonymous_0)","decl":{"start":{"line":19,"column":33},"end":{"line":19,"column":34}},"loc":{"start":{"line":19,"column":54},"end":{"line":30,"column":1}},"line":19},"1":{"name":"(anonymous_1)","decl":{"start":{"line":32,"column":26},"end":{"line":32,"column":33}},"loc":{"start":{"line":32,"column":53},"end":{"line":45,"column":1}},"line":32},"2":{"name":"(anonymous_2)","decl":{"start":{"line":47,"column":26},"end":{"line":47,"column":33}},"loc":{"start":{"line":47,"column":53},"end":{"line":58,"column":1}},"line":47},"3":{"name":"(anonymous_3)","decl":{"start":{"line":60,"column":27},"end":{"line":60,"column":39}},"loc":{"start":{"line":60,"column":39},"end":{"line":62,"column":1}},"line":60}},"branchMap":{"0":{"loc":{"start":{"line":20,"column":2},"end":{"line":22,"column":null}},"type":"if","locations":[{"start":{"line":20,"column":2},"end":{"line":22,"column":null}},{"start":{},"end":{}}],"line":20},"1":{"loc":{"start":{"line":20,"column":6},"end":{"line":20,"column":25}},"type":"binary-expr","locations":[{"start":{"line":20,"column":6},"end":{"line":20,"column":12}},{"start":{"line":20,"column":16},"end":{"line":20,"column":25}}],"line":20},"2":{"loc":{"start":{"line":24,"column":2},"end":{"line":29,"column":null}},"type":"if","locations":[{"start":{"line":24,"column":2},"end":{"line":29,"column":null}},{"start":{},"end":{}}],"line":24}},"s":{"0":1,"1":1,"2":9,"3":3,"4":6,"5":2,"6":1,"7":6,"8":6,"9":1,"10":1,"11":1,"12":1,"13":3,"14":3,"15":1,"16":1,"17":1,"18":2},"f":{"0":9,"1":6,"2":3,"3":2},"b":{"0":[3,6],"1":[9,6],"2":[2,4]},"meta":{"lastBranch":3,"lastFunction":4,"lastStatement":19,"seen":{"s:14:22:17:1":0,"s:19:33:30:1":1,"f:19:33:19:34":0,"b:20:2:22:Infinity:undefined:undefined:undefined:undefined":0,"s:20:2:22:Infinity":2,"b:20:6:20:12:20:16:20:25":1,"s:21:4:21:Infinity":3,"b:24:2:29:Infinity:undefined:undefined:undefined:undefined":2,"s:24:2:29:Infinity":4,"s:25:4:28:Infinity":5,"s:32:26:45:1":6,"f:32:26:32:33":1,"s:33:2:33:Infinity":7,"s:34:25:38:3":8,"s:40:15:40:34":9,"s:42:2:42:Infinity":10,"s:44:2:44:Infinity":11,"s:47:26:58:1":12,"f:47:26:47:33":2,"s:48:2:48:Infinity":13,"s:49:25:53:3":14,"s:55:15:55:34":15,"s:57:2:57:Infinity":16,"s:60:27:62:1":17,"f:60:27:60:39":3,"s:61:2:61:Infinity":18}}}
,"/Users/inabamasatake/Desktop/FrontHacks/32ReduxThunk/practice/auth_app/src/models/errors/ModelError.js": {"path":"/Users/inabamasatake/Desktop/FrontHacks/32ReduxThunk/practice/auth_app/src/models/errors/ModelError.js","statementMap":{"0":{"start":{"line":3,"column":32},"end":{"line":8,"column":1}},"1":{"start":{"line":12,"column":4},"end":{"line":12,"column":null}},"2":{"start":{"line":13,"column":4},"end":{"line":13,"column":null}},"3":{"start":{"line":14,"column":4},"end":{"line":14,"column":null}}},"fnMap":{"0":{"name":"(anonymous_0)","decl":{"start":{"line":11,"column":2},"end":{"line":11,"column":13}},"loc":{"start":{"line":11,"column":29},"end":{"line":15,"column":null}},"line":11}},"branchMap":{},"s":{"0":1,"1":5,"2":5,"3":5},"f":{"0":5},"b":{},"meta":{"lastBranch":0,"lastFunction":1,"lastStatement":4,"seen":{"s:3:32:8:1":0,"f:11:2:11:13":0,"s:12:4:12:Infinity":1,"s:13:4:13:Infinity":2,"s:14:4:14:Infinity":3}}}
}
